-----------|---------|----------|---------|---------|-------------------
File       | % Stmts | % Branch | % Funcs | % Lines | Uncovered Line #s 
-----------|---------|----------|---------|---------|-------------------
All files  |      75 |    61.11 |   68.42 |   72.88 |                   
 enigma.js |      75 |    61.11 |   68.42 |   72.88 | 88-89,128-152,160 
-----------|---------|----------|---------|---------|-------------------
----------------|---------|----------|---------|---------|-------------------
File            | % Stmts | % Branch | % Funcs | % Lines | Uncovered Line #s 
----------------|---------|----------|---------|---------|-------------------
All files       |       0 |        0 |       0 |       0 |                   
 enigma.js      |       0 |        0 |       0 |       0 | 1-163             
 enigma.test.js |       0 |      100 |       0 |       0 | 1-117             
----------------|---------|----------|---------|---------|-------------------
